<?xml version="1.0" encoding="UTF-8"?>
<!-- Generated by org.testng.reporters.JUnitXMLReporter -->
<testsuite ignored="0" hostname="DESKTOP-N7OA8LF" failures="0" tests="7" name="Default test" time="32.688" errors="0" timestamp="2022-04-29T21:19:53 IST">
  <testcase classname="com.sgtesting.dataprovider1.Scenario1" name="LaunchBrowser" time="3.806"/>
  <testcase classname="com.sgtesting.dataprovider1.Scenario1" name="navigate" time="4.897"/>
  <testcase classname="com.sgtesting.dataprovider1.Scenario1" name="Login" time="5.724"/>
  <testcase classname="com.sgtesting.dataprovider1.Scenario1" name="CreateUser" time="13.021"/>
  <testcase classname="com.sgtesting.dataprovider1.Scenario1" name="DeleteUser" time="4.296"/>
  <testcase classname="com.sgtesting.dataprovider1.Scenario1" name="Logout" time="0.414"/>
  <testcase classname="com.sgtesting.dataprovider1.Scenario1" name="CloseApplication" time="0.414"/>
</testsuite> <!-- Default test -->
