<?xml version="1.0" encoding="UTF-8"?>
<!-- Generated by org.testng.reporters.JUnitXMLReporter -->
<testsuite ignored="0" hostname="DESKTOP-N7OA8LF" failures="0" tests="60" name="Create User" time="265.302" errors="0" timestamp="2022-04-29T20:51:06 IST">
  <testcase classname="com.sgtesting.dataprovider1.Scenario1" name="LaunchBrowser" time="11.981"/>
  <testcase classname="com.sgtesting.dataprovider1.Scenario1" name="navigate" time="8.889"/>
  <testcase classname="com.sgtesting.dataprovider1.Scenario1" name="Login" time="9.204"/>
  <testcase classname="com.sgtesting.dataprovider1.Scenario1" name="CreateUser" time="7.454"/>
  <testcase classname="com.sgtesting.dataprovider1.Scenario1" name="DeleteUser" time="1.957"/>
  <testcase classname="com.sgtesting.dataprovider1.Scenario1" name="Logout" time="1.169"/>
  <testcase classname="com.sgtesting.dataprovider1.Scenario1" name="CloseApplication" time="0.66"/>
  <testcase classname="com.sgtesting.dataprovider1.Scenario2" name="LaunchBrowser" time="2.013"/>
  <testcase classname="com.sgtesting.dataprovider1.Scenario2" name="navigate" time="5.634"/>
  <testcase classname="com.sgtesting.dataprovider1.Scenario2" name="Login" time="6.624"/>
  <testcase classname="com.sgtesting.dataprovider1.Scenario2" name="CreateUser" time="13.203"/>
  <testcase classname="com.sgtesting.dataprovider1.Scenario2" name="ModifyUser" time="5.798"/>
  <testcase classname="com.sgtesting.dataprovider1.Scenario2" name="DeleteUser" time="4.423"/>
  <testcase classname="com.sgtesting.dataprovider1.Scenario2" name="Logout" time="0.524"/>
  <testcase classname="com.sgtesting.dataprovider1.Scenario2" name="CloseApplication" time="0.344"/>
  <testcase classname="com.sgtesting.dataprovider1.Scenario3" name="LaunchBrowser" time="1.869"/>
  <testcase classname="com.sgtesting.dataprovider1.Scenario3" name="navigate" time="3.115"/>
  <testcase classname="com.sgtesting.dataprovider1.Scenario3" name="Login" time="5.327"/>
  <testcase classname="com.sgtesting.dataprovider1.Scenario3" name="CreateCustomer" time="9.963"/>
  <testcase classname="com.sgtesting.dataprovider1.Scenario3" name="DeleteCustomer" time="5.453"/>
  <testcase classname="com.sgtesting.dataprovider1.Scenario3" name="Logout" time="0.432"/>
  <testcase classname="com.sgtesting.dataprovider1.Scenario3" name="CloseApplication" time="0.373"/>
  <testcase classname="com.sgtesting.dataprovider1.Scenario4" name="LaunchBrowser" time="1.835"/>
  <testcase classname="com.sgtesting.dataprovider1.Scenario4" name="navigate" time="4.475"/>
  <testcase classname="com.sgtesting.dataprovider1.Scenario4" name="Login" time="5.136"/>
  <testcase classname="com.sgtesting.dataprovider1.Scenario4" name="CreateCustomer" time="9.478"/>
  <testcase classname="com.sgtesting.dataprovider1.Scenario4" name="ModifyCustomer" time="5.612"/>
  <testcase classname="com.sgtesting.dataprovider1.Scenario4" name="DeleteCustomer" time="5.468"/>
  <testcase classname="com.sgtesting.dataprovider1.Scenario4" name="Logout" time="0.43"/>
  <testcase classname="com.sgtesting.dataprovider1.Scenario4" name="CloseApplication" time="0.41"/>
  <testcase classname="com.sgtesting.dataprovider1.Scenario5" name="LaunchBrowser" time="1.784"/>
  <testcase classname="com.sgtesting.dataprovider1.Scenario5" name="navigate" time="3.386"/>
  <testcase classname="com.sgtesting.dataprovider1.Scenario5" name="Login" time="4.949"/>
  <testcase classname="com.sgtesting.dataprovider1.Scenario5" name="CreateCustomer" time="9.255"/>
  <testcase classname="com.sgtesting.dataprovider1.Scenario5" name="CreatProject" time="8.448"/>
  <testcase classname="com.sgtesting.dataprovider1.Scenario5" name="DeleteProject" time="3.393"/>
  <testcase classname="com.sgtesting.dataprovider1.Scenario5" name="DeleteCustomer" time="5.496"/>
  <testcase classname="com.sgtesting.dataprovider1.Scenario5" name="Logout" time="0.433"/>
  <testcase classname="com.sgtesting.dataprovider1.Scenario5" name="CloseApplication" time="0.367"/>
  <testcase classname="com.sgtesting.dataprovider1.Scenario6" name="LaunchBrowser" time="1.728"/>
  <testcase classname="com.sgtesting.dataprovider1.Scenario6" name="navigate" time="3.788"/>
  <testcase classname="com.sgtesting.dataprovider1.Scenario6" name="Login" time="5.209"/>
  <testcase classname="com.sgtesting.dataprovider1.Scenario6" name="CreateCustomer" time="9.329"/>
  <testcase classname="com.sgtesting.dataprovider1.Scenario6" name="CreatProject" time="8.382"/>
  <testcase classname="com.sgtesting.dataprovider1.Scenario6" name="ModifyProject" time="4.44"/>
  <testcase classname="com.sgtesting.dataprovider1.Scenario6" name="DeleteProject" time="3.405"/>
  <testcase classname="com.sgtesting.dataprovider1.Scenario6" name="DeleteCustomer" time="5.389"/>
  <testcase classname="com.sgtesting.dataprovider1.Scenario6" name="Logout" time="0.423"/>
  <testcase classname="com.sgtesting.dataprovider1.Scenario6" name="CloseApplication" time="0.422"/>
  <testcase classname="com.sgtesting.dataprovider1.Scenario7" name="LaunchBrowser" time="1.73"/>
  <testcase classname="com.sgtesting.dataprovider1.Scenario7" name="navigate" time="3.412"/>
  <testcase classname="com.sgtesting.dataprovider1.Scenario7" name="Login" time="4.913"/>
  <testcase classname="com.sgtesting.dataprovider1.Scenario7" name="CreateCustomer" time="9.251"/>
  <testcase classname="com.sgtesting.dataprovider1.Scenario7" name="CreatProject" time="8.409"/>
  <testcase classname="com.sgtesting.dataprovider1.Scenario7" name="CreateTask" time="5.568"/>
  <testcase classname="com.sgtesting.dataprovider1.Scenario7" name="DeleteTask" time="2.312"/>
  <testcase classname="com.sgtesting.dataprovider1.Scenario7" name="DeleteProject" time="3.55"/>
  <testcase classname="com.sgtesting.dataprovider1.Scenario7" name="DeleteCustomer" time="5.425"/>
  <testcase classname="com.sgtesting.dataprovider1.Scenario7" name="Logout" time="0.546"/>
  <testcase classname="com.sgtesting.dataprovider1.Scenario7" name="CloseApplication" time="0.36"/>
</testsuite> <!-- Create User -->
