<?xml version="1.0" encoding="UTF-8"?>
<testng-results ignored="0" total="7" passed="7" failed="0" skipped="0">
  <reporter-output>
  </reporter-output>
  <suite started-at="2022-04-29T21:19:20 IST" name="Default suite" finished-at="2022-04-29T21:19:53 IST" duration-ms="32688">
    <groups>
    </groups>
    <test started-at="2022-04-29T21:19:20 IST" name="Default test" finished-at="2022-04-29T21:19:53 IST" duration-ms="32688">
      <class name="com.sgtesting.dataprovider1.Scenario1">
        <test-method signature="LaunchBrowser()[pri:1, instance:com.sgtesting.dataprovider1.Scenario1@16610890]" started-at="2022-04-29T21:19:20 IST" name="LaunchBrowser" finished-at="2022-04-29T21:19:24 IST" duration-ms="3806" status="PASS">
          <reporter-output>
          </reporter-output>
        </test-method> <!-- LaunchBrowser -->
        <test-method signature="navigate()[pri:2, instance:com.sgtesting.dataprovider1.Scenario1@16610890]" started-at="2022-04-29T21:19:24 IST" name="navigate" finished-at="2022-04-29T21:19:29 IST" duration-ms="4897" status="PASS">
          <reporter-output>
          </reporter-output>
        </test-method> <!-- navigate -->
        <test-method signature="Login(java.lang.String,java.lang.String)[pri:3, instance:com.sgtesting.dataprovider1.Scenario1@16610890]" started-at="2022-04-29T21:19:29 IST" name="Login" data-provider="credentails" finished-at="2022-04-29T21:19:35 IST" duration-ms="5724" status="PASS">
          <params>
            <param index="0">
              <value>
                <![CDATA[admin]]>
              </value>
            </param>
            <param index="1">
              <value>
                <![CDATA[manager]]>
              </value>
            </param>
          </params>
          <reporter-output>
          </reporter-output>
        </test-method> <!-- Login -->
        <test-method signature="CreateUser(java.lang.String,java.lang.String,java.lang.String,java.lang.String,java.lang.String,java.lang.String)[pri:4, instance:com.sgtesting.dataprovider1.Scenario1@16610890]" started-at="2022-04-29T21:19:35 IST" name="CreateUser" data-provider="createuser" finished-at="2022-04-29T21:19:48 IST" duration-ms="13021" status="PASS">
          <params>
            <param index="0">
              <value>
                <![CDATA[Vishwa]]>
              </value>
            </param>
            <param index="1">
              <value>
                <![CDATA[H]]>
              </value>
            </param>
            <param index="2">
              <value>
                <![CDATA[Vishwa@gmail.com]]>
              </value>
            </param>
            <param index="3">
              <value>
                <![CDATA[VishwaH]]>
              </value>
            </param>
            <param index="4">
              <value>
                <![CDATA[Welcome123]]>
              </value>
            </param>
            <param index="5">
              <value>
                <![CDATA[Welcome123]]>
              </value>
            </param>
          </params>
          <reporter-output>
          </reporter-output>
        </test-method> <!-- CreateUser -->
        <test-method signature="DeleteUser()[pri:5, instance:com.sgtesting.dataprovider1.Scenario1@16610890]" started-at="2022-04-29T21:19:48 IST" name="DeleteUser" finished-at="2022-04-29T21:19:52 IST" duration-ms="4296" status="PASS">
          <reporter-output>
          </reporter-output>
        </test-method> <!-- DeleteUser -->
        <test-method signature="Logout()[pri:6, instance:com.sgtesting.dataprovider1.Scenario1@16610890]" started-at="2022-04-29T21:19:52 IST" name="Logout" finished-at="2022-04-29T21:19:52 IST" duration-ms="414" status="PASS">
          <reporter-output>
          </reporter-output>
        </test-method> <!-- Logout -->
        <test-method signature="CloseApplication()[pri:7, instance:com.sgtesting.dataprovider1.Scenario1@16610890]" started-at="2022-04-29T21:19:52 IST" name="CloseApplication" finished-at="2022-04-29T21:19:53 IST" duration-ms="414" status="PASS">
          <reporter-output>
          </reporter-output>
        </test-method> <!-- CloseApplication -->
      </class> <!-- com.sgtesting.dataprovider1.Scenario1 -->
    </test> <!-- Default test -->
  </suite> <!-- Default suite -->
</testng-results>
